<?xml version="1.0" encoding="UTF-8"?>
<!-- Generated by org.testng.reporters.JUnitXMLReporter -->
<testsuite ignored="2" hostname="Om-Satapthy01.local" failures="0" tests="4" name="Test" time="0.018" errors="0" timestamp="2024-12-30T05:13:21 IST">
  <testcase classname="core.dec30.testExecution" name="test2" time="0.004"/>
  <testcase classname="core.dec30.testExecution" name="test4" time="0.001"/>
  <testcase classname="core.dec30.testExecution" name="test5" time="0.0"/>
  <testcase classname="core.dec30.testExecution" name="test6" time="0.0"/>
  <testcase classname="core.dec30.testExecution" name="test1" time="0.0">
    <ignored/>
  </testcase> <!-- test1 -->
  <testcase classname="core.dec30.testExecution" name="test3" time="0.0">
    <ignored/>
  </testcase> <!-- test3 -->
</testsuite> <!-- Test -->
