<?xml version="1.0" encoding="UTF-8"?>
<testng-results ignored="0" total="1" passed="1" failed="0" skipped="0">
  <reporter-output>
  </reporter-output>
  <suite started-at="2025-01-14T22:00:02 IST" name="Default suite" finished-at="2025-01-14T22:00:03 IST" duration-ms="1337">
    <groups>
    </groups>
    <test started-at="2025-01-14T22:00:02 IST" name="Default test" finished-at="2025-01-14T22:00:03 IST" duration-ms="1337">
      <class name="com.apitest.TestCreateuser">
        <test-method signature="createLaptop()[pri:0, instance:com.apitest.TestCreateuser@9353778]" started-at="2025-01-14T22:00:02 IST" name="createLaptop" finished-at="2025-01-14T22:00:03 IST" duration-ms="1327" status="PASS">
          <reporter-output>
          </reporter-output>
        </test-method> <!-- createLaptop -->
      </class> <!-- com.apitest.TestCreateuser -->
    </test> <!-- Default test -->
  </suite> <!-- Default suite -->
</testng-results>
