<?xml version="1.0" encoding="UTF-8"?>
<testng-results ignored="0" total="1" passed="1" failed="0" skipped="0">
  <reporter-output>
  </reporter-output>
  <suite started-at="2025-01-08T17:10:03 IST" name="Default suite" finished-at="2025-01-08T17:10:04 IST" duration-ms="1223">
    <groups>
    </groups>
    <test started-at="2025-01-08T17:10:03 IST" name="Default test" finished-at="2025-01-08T17:10:04 IST" duration-ms="1223">
      <class name="com.restapi.ResponseVerify">
        <test-method signature="verifyResponse()[pri:0, instance:com.restapi.ResponseVerify@353d0772]" started-at="2025-01-08T17:10:03 IST" name="verifyResponse" finished-at="2025-01-08T17:10:04 IST" duration-ms="1211" status="PASS">
          <reporter-output>
          </reporter-output>
        </test-method> <!-- verifyResponse -->
      </class> <!-- com.restapi.ResponseVerify -->
    </test> <!-- Default test -->
  </suite> <!-- Default suite -->
</testng-results>
